2025-07-20 16:24:55,662 - autotube.video_fix - INFO - 🚀 Starting video_fix pipeline for topic: alexandria_fix
2025-07-20 16:24:55,663 - autotube.video_fix - INFO - 📝 Log file: C:\autotube\ThroughTheLensofHistory_30seoconds\output\content_gen_logs\alexandria_fix_video_fix_2025-07-20_16-24-55.log
2025-07-20 16:24:55,663 - autotube.video_fix - INFO - Loading cached Whisper model from: C:\Users\mjjab/.cache/huggingface/hub/models--Systran--faster-whisper-small
2025-07-20 16:24:55,672 - autotube.video_fix - WARNING - Failed to load from C:\Users\mjjab/.cache/huggingface/hub/models--Systran--faster-whisper-small: Unable to open file 'model.bin' in model 'C:\Users\mjjab/.cache/huggingface/hub/models--Systran--faster-whisper-small'
2025-07-20 16:24:55,681 - autotube.video_fix - INFO - Loading Whisper model (small) - will download if not cached...
2025-07-20 16:24:57,700 - autotube.video_fix - INFO - Whisper model loaded successfully
2025-07-20 16:24:57,701 - autotube.video_fix - INFO - Loaded font: C:/Windows/Fonts/impact.ttf
2025-07-20 16:24:57,702 - autotube.video_fix - INFO - Transcribing audio with word-level timing...
2025-07-20 16:24:57,851 - faster_whisper - INFO - Processing audio with duration 00:30.824
2025-07-20 16:25:02,222 - faster_whisper - INFO - Detected language 'en' with probability 1.00
2025-07-20 16:25:23,054 - autotube.video_fix - INFO - Extracted 84 words with timing
2025-07-20 16:25:23,055 - autotube.video_fix - INFO - Word timing extraction with story fallback took 25.35s
2025-07-20 16:25:23,915 - autotube.video_fix - INFO - Video loading took 0.86s
2025-07-20 16:25:23,916 - autotube.video_fix - INFO - Original video - Duration: 33.43s, FPS: 30.0, Audio: True
2025-07-20 16:25:23,916 - autotube.video_fix - INFO - Creating individual subtitle clips from 84 words...
2025-07-20 16:25:23,917 - autotube.video_fix - INFO - Group 1: 4 words (15 chars), 0.00s - 0.70s
2025-07-20 16:25:23,917 - autotube.video_fix - INFO - Group 2: 4 words (22 chars), 0.68s - 1.68s
2025-07-20 16:25:23,918 - autotube.video_fix - INFO - Group 3: 3 words (19 chars), 1.66s - 2.84s
2025-07-20 16:25:23,918 - autotube.video_fix - INFO - Group 4: 4 words (23 chars), 2.82s - 4.06s
2025-07-20 16:25:23,919 - autotube.video_fix - INFO - Group 5: 3 words (16 chars), 4.04s - 5.54s
2025-07-20 16:25:23,919 - autotube.video_fix - INFO - Group 6: 4 words (20 chars), 5.52s - 7.06s
2025-07-20 16:25:23,920 - autotube.video_fix - INFO - Group 7: 3 words (26 chars), 7.04s - 8.44s
2025-07-20 16:25:23,920 - autotube.video_fix - INFO - Group 8: 3 words (19 chars), 8.42s - 9.48s
2025-07-20 16:25:23,921 - autotube.video_fix - INFO - Group 9: 3 words (30 chars), 9.60s - 10.82s
2025-07-20 16:25:23,922 - autotube.video_fix - INFO - Group 10: 3 words (25 chars), 10.80s - 12.16s
2025-07-20 16:25:23,922 - autotube.video_fix - INFO - Group 11: 4 words (22 chars), 12.92s - 14.26s
2025-07-20 16:25:23,923 - autotube.video_fix - INFO - Group 12: 3 words (15 chars), 14.24s - 14.96s
2025-07-20 16:25:23,924 - autotube.video_fix - INFO - Group 13: 3 words (23 chars), 14.94s - 16.10s
2025-07-20 16:25:23,925 - autotube.video_fix - INFO - Group 14: 3 words (24 chars), 16.08s - 17.22s
2025-07-20 16:25:23,926 - autotube.video_fix - INFO - Group 15: 3 words (21 chars), 17.84s - 18.88s
2025-07-20 16:25:23,928 - autotube.video_fix - INFO - Group 16: 3 words (16 chars), 18.86s - 19.84s
2025-07-20 16:25:23,929 - autotube.video_fix - INFO - Group 17: 4 words (21 chars), 19.82s - 21.74s
2025-07-20 16:25:23,929 - autotube.video_fix - INFO - Group 18: 3 words (15 chars), 21.72s - 22.44s
2025-07-20 16:25:23,930 - autotube.video_fix - INFO - Group 19: 3 words (15 chars), 22.42s - 23.56s
2025-07-20 16:25:23,930 - autotube.video_fix - INFO - Group 20: 3 words (20 chars), 23.54s - 24.40s
2025-07-20 16:25:23,931 - autotube.video_fix - INFO - Group 21: 3 words (21 chars), 24.38s - 25.46s
2025-07-20 16:25:23,931 - autotube.video_fix - INFO - Group 22: 4 words (19 chars), 25.44s - 26.40s
2025-07-20 16:25:23,932 - autotube.video_fix - INFO - Group 23: 3 words (19 chars), 26.38s - 27.16s
2025-07-20 16:25:23,932 - autotube.video_fix - INFO - Group 24: 3 words (20 chars), 27.14s - 29.00s
2025-07-20 16:25:23,933 - autotube.video_fix - INFO - Group 25: 4 words (24 chars), 28.98s - 30.08s
2025-07-20 16:25:23,933 - autotube.video_fix - INFO - Group 26: 1 words (6 chars), 30.06s - 30.34s
2025-07-20 16:25:23,934 - autotube.video_fix - INFO - Created 26 word groups with smart length limiting
2025-07-20 16:25:23,934 - autotube.video_fix - INFO - Creating clips for group 1: 4 words
2025-07-20 16:25:25,301 - autotube.video_fix - INFO - Created continuous clip for word 1 in group 1: 0.00s - 0.22s
2025-07-20 16:25:26,326 - autotube.video_fix - INFO - Created continuous clip for word 2 in group 1: 0.18s - 0.34s
2025-07-20 16:25:27,167 - autotube.video_fix - INFO - Created continuous clip for word 3 in group 1: 0.30s - 0.46s
2025-07-20 16:25:27,911 - autotube.video_fix - INFO - Created continuous clip for word 4 in group 1: 0.42s - 0.63s
2025-07-20 16:25:27,912 - autotube.video_fix - INFO - Created clips for 1/26 word groups - ETA: 4s
2025-07-20 16:25:27,912 - autotube.video_fix - INFO - Creating clips for group 2: 4 words
2025-07-20 16:25:29,208 - autotube.video_fix - INFO - Created continuous clip for word 1 in group 2: 0.68s - 0.90s
2025-07-20 16:25:30,226 - autotube.video_fix - INFO - Created continuous clip for word 2 in group 2: 0.86s - 1.02s
2025-07-20 16:25:31,272 - autotube.video_fix - INFO - Created continuous clip for word 3 in group 2: 0.98s - 1.28s
2025-07-20 16:25:32,315 - autotube.video_fix - INFO - Created continuous clip for word 4 in group 2: 1.24s - 1.61s
2025-07-20 16:25:32,316 - autotube.video_fix - INFO - Creating clips for group 3: 3 words
2025-07-20 16:25:33,222 - autotube.video_fix - INFO - Created continuous clip for word 1 in group 3: 1.66s - 1.94s
2025-07-20 16:25:34,421 - autotube.video_fix - INFO - Created continuous clip for word 2 in group 3: 1.90s - 2.46s
2025-07-20 16:25:35,671 - autotube.video_fix - INFO - Created continuous clip for word 3 in group 3: 2.42s - 2.77s
2025-07-20 16:25:35,671 - autotube.video_fix - INFO - Creating clips for group 4: 4 words
2025-07-20 16:25:37,169 - autotube.video_fix - INFO - Created continuous clip for word 1 in group 4: 2.82s - 3.20s
2025-07-20 16:25:38,431 - autotube.video_fix - INFO - Created continuous clip for word 2 in group 4: 3.16s - 3.44s
2025-07-20 16:25:39,601 - autotube.video_fix - INFO - Created continuous clip for word 3 in group 4: 3.40s - 3.74s
2025-07-20 16:25:40,695 - autotube.video_fix - INFO - Created continuous clip for word 4 in group 4: 3.70s - 3.99s
2025-07-20 16:25:40,696 - autotube.video_fix - INFO - Creating clips for group 5: 3 words
2025-07-20 16:25:41,480 - autotube.video_fix - INFO - Created continuous clip for word 1 in group 5: 4.04s - 4.24s
2025-07-20 16:25:42,250 - autotube.video_fix - INFO - Created continuous clip for word 2 in group 5: 4.20s - 5.42s
2025-07-20 16:25:42,954 - autotube.video_fix - INFO - Created continuous clip for word 3 in group 5: 5.38s - 5.47s
2025-07-20 16:25:42,954 - autotube.video_fix - INFO - Creating clips for group 6: 4 words
2025-07-20 16:25:43,997 - autotube.video_fix - INFO - Created continuous clip for word 1 in group 6: 5.52s - 5.92s
2025-07-20 16:25:44,887 - autotube.video_fix - INFO - Created continuous clip for word 2 in group 6: 5.88s - 6.34s
2025-07-20 16:25:45,850 - autotube.video_fix - INFO - Created continuous clip for word 3 in group 6: 6.30s - 6.72s
2025-07-20 16:25:46,908 - autotube.video_fix - INFO - Created continuous clip for word 4 in group 6: 6.68s - 6.99s
2025-07-20 16:25:46,909 - autotube.video_fix - INFO - Creating clips for group 7: 3 words
2025-07-20 16:25:48,377 - autotube.video_fix - INFO - Created continuous clip for word 1 in group 7: 7.04s - 7.60s
2025-07-20 16:25:49,634 - autotube.video_fix - INFO - Created continuous clip for word 2 in group 7: 7.56s - 8.18s
2025-07-20 16:25:51,221 - autotube.video_fix - INFO - Created continuous clip for word 3 in group 7: 8.14s - 8.37s
2025-07-20 16:25:51,222 - autotube.video_fix - INFO - Creating clips for group 8: 3 words
2025-07-20 16:25:52,377 - autotube.video_fix - INFO - Created continuous clip for word 1 in group 8: 8.42s - 8.96s
2025-07-20 16:25:53,418 - autotube.video_fix - INFO - Created continuous clip for word 2 in group 8: 8.92s - 9.08s
2025-07-20 16:25:54,314 - autotube.video_fix - INFO - Created continuous clip for word 3 in group 8: 9.04s - 9.55s
2025-07-20 16:25:54,314 - autotube.video_fix - INFO - Creating clips for group 9: 3 words
2025-07-20 16:25:55,720 - autotube.video_fix - INFO - Created continuous clip for word 1 in group 9: 9.60s - 10.04s
2025-07-20 16:25:57,237 - autotube.video_fix - INFO - Created continuous clip for word 2 in group 9: 10.00s - 10.44s
2025-07-20 16:25:58,861 - autotube.video_fix - INFO - Created continuous clip for word 3 in group 9: 10.40s - 10.75s
2025-07-20 16:25:58,861 - autotube.video_fix - INFO - Creating clips for group 10: 3 words
2025-07-20 16:25:59,983 - autotube.video_fix - INFO - Created continuous clip for word 1 in group 10: 10.80s - 11.00s
2025-07-20 16:26:01,296 - autotube.video_fix - INFO - Created continuous clip for word 2 in group 10: 10.96s - 11.40s
2025-07-20 16:26:02,708 - autotube.video_fix - INFO - Created continuous clip for word 3 in group 10: 11.36s - 12.46s
2025-07-20 16:26:02,709 - autotube.video_fix - INFO - Creating clips for group 11: 4 words
2025-07-20 16:26:04,104 - autotube.video_fix - INFO - Created continuous clip for word 1 in group 11: 12.92s - 13.14s
2025-07-20 16:26:05,607 - autotube.video_fix - INFO - Created continuous clip for word 2 in group 11: 13.10s - 13.96s
2025-07-20 16:26:08,369 - autotube.video_fix - INFO - Created continuous clip for word 3 in group 11: 13.92s - 14.10s
2025-07-20 16:26:10,173 - autotube.video_fix - INFO - Created continuous clip for word 4 in group 11: 14.06s - 14.19s
2025-07-20 16:26:10,173 - autotube.video_fix - INFO - Created clips for 11/26 word groups - ETA: 46s
2025-07-20 16:26:10,174 - autotube.video_fix - INFO - Creating clips for group 12: 3 words
2025-07-20 16:26:11,284 - autotube.video_fix - INFO - Created continuous clip for word 1 in group 12: 14.24s - 14.44s
2025-07-20 16:26:12,061 - autotube.video_fix - INFO - Created continuous clip for word 2 in group 12: 14.40s - 14.68s
2025-07-20 16:26:12,946 - autotube.video_fix - INFO - Created continuous clip for word 3 in group 12: 14.64s - 14.89s
2025-07-20 16:26:12,947 - autotube.video_fix - INFO - Creating clips for group 13: 3 words
2025-07-20 16:26:14,278 - autotube.video_fix - INFO - Created continuous clip for word 1 in group 13: 14.94s - 15.16s
2025-07-20 16:26:15,695 - autotube.video_fix - INFO - Created continuous clip for word 2 in group 13: 15.12s - 15.78s
2025-07-20 16:26:17,328 - autotube.video_fix - INFO - Created continuous clip for word 3 in group 13: 15.74s - 16.03s
2025-07-20 16:26:17,329 - autotube.video_fix - INFO - Creating clips for group 14: 3 words
2025-07-20 16:26:18,730 - autotube.video_fix - INFO - Created continuous clip for word 1 in group 14: 16.08s - 16.58s
2025-07-20 16:26:20,391 - autotube.video_fix - INFO - Created continuous clip for word 2 in group 14: 16.54s - 16.82s
2025-07-20 16:26:22,055 - autotube.video_fix - INFO - Created continuous clip for word 3 in group 14: 16.78s - 17.52s
2025-07-20 16:26:22,055 - autotube.video_fix - INFO - Creating clips for group 15: 3 words
2025-07-20 16:26:23,546 - autotube.video_fix - INFO - Created continuous clip for word 1 in group 15: 17.84s - 18.16s
2025-07-20 16:26:25,098 - autotube.video_fix - INFO - Created continuous clip for word 2 in group 15: 18.12s - 18.66s
2025-07-20 16:26:26,497 - autotube.video_fix - INFO - Created continuous clip for word 3 in group 15: 18.62s - 18.81s
2025-07-20 16:26:26,497 - autotube.video_fix - INFO - Creating clips for group 16: 3 words
2025-07-20 16:26:27,566 - autotube.video_fix - INFO - Created continuous clip for word 1 in group 16: 18.86s - 19.10s
2025-07-20 16:26:28,707 - autotube.video_fix - INFO - Created continuous clip for word 2 in group 16: 19.06s - 19.38s
2025-07-20 16:26:29,803 - autotube.video_fix - INFO - Created continuous clip for word 3 in group 16: 19.34s - 19.77s
2025-07-20 16:26:29,804 - autotube.video_fix - INFO - Creating clips for group 17: 4 words
2025-07-20 16:26:30,960 - autotube.video_fix - INFO - Created continuous clip for word 1 in group 17: 19.82s - 20.50s
2025-07-20 16:26:32,007 - autotube.video_fix - INFO - Created continuous clip for word 2 in group 17: 20.46s - 21.34s
2025-07-20 16:26:33,082 - autotube.video_fix - INFO - Created continuous clip for word 3 in group 17: 21.30s - 21.56s
2025-07-20 16:26:34,037 - autotube.video_fix - INFO - Created continuous clip for word 4 in group 17: 21.52s - 21.67s
2025-07-20 16:26:34,037 - autotube.video_fix - INFO - Creating clips for group 18: 3 words
2025-07-20 16:26:34,650 - autotube.video_fix - INFO - Created continuous clip for word 1 in group 18: 21.72s - 21.90s
2025-07-20 16:26:35,330 - autotube.video_fix - INFO - Created continuous clip for word 2 in group 18: 21.86s - 22.10s
2025-07-20 16:26:35,983 - autotube.video_fix - INFO - Created continuous clip for word 3 in group 18: 22.06s - 22.37s
2025-07-20 16:26:35,984 - autotube.video_fix - INFO - Creating clips for group 19: 3 words
2025-07-20 16:26:36,702 - autotube.video_fix - INFO - Created continuous clip for word 1 in group 19: 22.42s - 23.22s
2025-07-20 16:26:37,342 - autotube.video_fix - INFO - Created continuous clip for word 2 in group 19: 23.18s - 23.36s
2025-07-20 16:26:37,968 - autotube.video_fix - INFO - Created continuous clip for word 3 in group 19: 23.32s - 23.49s
2025-07-20 16:26:37,968 - autotube.video_fix - INFO - Creating clips for group 20: 3 words
2025-07-20 16:26:38,930 - autotube.video_fix - INFO - Created continuous clip for word 1 in group 20: 23.54s - 23.88s
2025-07-20 16:26:40,044 - autotube.video_fix - INFO - Created continuous clip for word 2 in group 20: 23.84s - 24.12s
2025-07-20 16:26:41,148 - autotube.video_fix - INFO - Created continuous clip for word 3 in group 20: 24.08s - 24.33s
2025-07-20 16:26:41,149 - autotube.video_fix - INFO - Creating clips for group 21: 3 words
2025-07-20 16:26:42,192 - autotube.video_fix - INFO - Created continuous clip for word 1 in group 21: 24.38s - 24.74s
2025-07-20 16:26:43,270 - autotube.video_fix - INFO - Created continuous clip for word 2 in group 21: 24.70s - 25.14s
2025-07-20 16:26:44,471 - autotube.video_fix - INFO - Created continuous clip for word 3 in group 21: 25.10s - 25.39s
2025-07-20 16:26:44,471 - autotube.video_fix - INFO - Created clips for 21/26 word groups - ETA: 81s
2025-07-20 16:26:44,471 - autotube.video_fix - INFO - Creating clips for group 22: 4 words
2025-07-20 16:26:45,365 - autotube.video_fix - INFO - Created continuous clip for word 1 in group 22: 25.44s - 26.08s
2025-07-20 16:26:46,162 - autotube.video_fix - INFO - Created continuous clip for word 2 in group 22: 26.04s - 26.20s
2025-07-20 16:26:47,049 - autotube.video_fix - INFO - Created continuous clip for word 3 in group 22: 26.16s - 26.32s
2025-07-20 16:26:47,890 - autotube.video_fix - INFO - Created continuous clip for word 4 in group 22: 26.28s - 26.33s
2025-07-20 16:26:47,891 - autotube.video_fix - INFO - Creating clips for group 23: 3 words
2025-07-20 16:26:48,846 - autotube.video_fix - INFO - Created continuous clip for word 1 in group 23: 26.38s - 26.72s
2025-07-20 16:26:49,871 - autotube.video_fix - INFO - Created continuous clip for word 2 in group 23: 26.68s - 26.94s
2025-07-20 16:26:51,011 - autotube.video_fix - INFO - Created continuous clip for word 3 in group 23: 26.90s - 27.09s
2025-07-20 16:26:51,012 - autotube.video_fix - INFO - Creating clips for group 24: 3 words
2025-07-20 16:26:52,175 - autotube.video_fix - INFO - Created continuous clip for word 1 in group 24: 27.14s - 27.32s
2025-07-20 16:26:53,260 - autotube.video_fix - INFO - Created continuous clip for word 2 in group 24: 27.28s - 28.48s
2025-07-20 16:26:54,173 - autotube.video_fix - INFO - Created continuous clip for word 3 in group 24: 28.44s - 28.93s
2025-07-20 16:26:54,174 - autotube.video_fix - INFO - Creating clips for group 25: 4 words
2025-07-20 16:26:55,401 - autotube.video_fix - INFO - Created continuous clip for word 1 in group 25: 28.98s - 29.36s
2025-07-20 16:26:56,859 - autotube.video_fix - INFO - Created continuous clip for word 2 in group 25: 29.32s - 29.62s
2025-07-20 16:26:59,534 - autotube.video_fix - INFO - Created continuous clip for word 3 in group 25: 29.58s - 29.88s
2025-07-20 16:27:02,863 - autotube.video_fix - INFO - Created continuous clip for word 4 in group 25: 29.84s - 30.01s
2025-07-20 16:27:02,863 - autotube.video_fix - INFO - Creating clips for group 26: 1 words
2025-07-20 16:27:03,541 - autotube.video_fix - INFO - Created continuous clip for word 1 in group 26: 30.06s - 30.54s
2025-07-20 16:27:03,541 - autotube.video_fix - INFO - Created 84 individual subtitle clips
2025-07-20 16:27:03,544 - autotube.video_fix - INFO - Viral subtitle creation took 99.63s
2025-07-20 16:27:03,544 - autotube.video_fix - INFO - Subtitle clips count: 84
2025-07-20 16:27:03,565 - autotube.video_fix - INFO - Video composition took 0.02s
2025-07-20 16:27:03,565 - autotube.video_fix - INFO - Original audio duration: 33.430s
2025-07-20 16:27:03,565 - autotube.video_fix - INFO - Final video duration: 33.430s
2025-07-20 16:27:03,566 - autotube.video_fix - INFO - Final audio duration: 33.430s
2025-07-20 16:27:03,566 - autotube.video_fix - INFO - Final video - Duration: 33.43s, Audio: True
2025-07-20 16:27:03,566 - autotube.video_fix - INFO - Writing HD viral subtitle video: C:\autotube\ThroughTheLensofHistory_30seoconds\output\subtitles_processed_video\SecretsoftheGreatLibraryofAlexandriaRevealed\SecretsoftheGreatLibraryofAlexandriaRevealed_final.mp4
2025-07-20 16:28:02,948 - autotube.video_fix - INFO - Video writing took 59.38s
2025-07-20 16:28:02,949 - autotube.video_fix - INFO - Validating output file with duration verification...
2025-07-20 16:28:03,542 - autotube.video_fix - INFO - Output file - Video Duration: 33.430s, Audio Duration: 33.430s
2025-07-20 16:28:03,543 - autotube.video_fix - INFO - ✅ Perfect audio duration match: 33.430s
2025-07-20 16:28:03,544 - autotube.video_fix - INFO - ✅ Perfect video duration match: 33.430s
2025-07-20 16:28:03,598 - autotube.video_fix - INFO - Scientifically optimized viral subtitle video created: C:\autotube\ThroughTheLensofHistory_30seoconds\output\subtitles_processed_video\SecretsoftheGreatLibraryofAlexandriaRevealed\SecretsoftheGreatLibraryofAlexandriaRevealed_final.mp4
2025-07-20 16:28:03,599 - autotube.video_fix - INFO - Total processing time: 185.90s
