2025-07-20 16:45:11,749 - autotube.video_fix - INFO - 🚀 Starting video_fix pipeline for topic: alexandria_fix
2025-07-20 16:45:11,749 - autotube.video_fix - INFO - 📝 Log file: C:\autotube\ThroughTheLensofHistory_30seoconds\output\content_gen_logs\alexandria_fix_video_fix_2025-07-20_16-45-11.log
2025-07-20 16:45:11,750 - autotube.video_fix - INFO - Loading cached Whisper model from: C:\Users\mjjab/.cache/huggingface/hub/models--Systran--faster-whisper-small
2025-07-20 16:45:11,756 - autotube.video_fix - WARNING - Failed to load from C:\Users\mjjab/.cache/huggingface/hub/models--Systran--faster-whisper-small: Unable to open file 'model.bin' in model 'C:\Users\mjjab/.cache/huggingface/hub/models--Systran--faster-whisper-small'
2025-07-20 16:45:11,757 - autotube.video_fix - INFO - Loading Whisper model (small) - will download if not cached...
2025-07-20 16:45:13,132 - autotube.video_fix - INFO - Whisper model loaded successfully
2025-07-20 16:45:13,133 - autotube.video_fix - INFO - Loaded font: C:/Windows/Fonts/impact.ttf
2025-07-20 16:45:13,135 - autotube.video_fix - INFO - Transcribing audio with word-level timing...
2025-07-20 16:45:13,230 - faster_whisper - INFO - Processing audio with duration 00:30.824
2025-07-20 16:45:15,874 - faster_whisper - INFO - Detected language 'en' with probability 1.00
2025-07-20 16:45:28,433 - autotube.video_fix - INFO - Extracted 84 words with timing
2025-07-20 16:45:28,433 - autotube.video_fix - INFO - Word timing extraction with story fallback took 15.30s
2025-07-20 16:45:29,122 - autotube.video_fix - INFO - Video loading took 0.69s
2025-07-20 16:45:29,122 - autotube.video_fix - INFO - Original video - Duration: 33.43s, FPS: 30.0, Audio: True
2025-07-20 16:45:29,122 - autotube.video_fix - INFO - Creating individual subtitle clips from 84 words...
2025-07-20 16:45:29,123 - autotube.video_fix - INFO - Group 1: 3 words (10 chars), 0.00s - 0.46s
2025-07-20 16:45:29,123 - autotube.video_fix - INFO - Group 2: 3 words (13 chars), 0.44s - 1.02s
2025-07-20 16:45:29,124 - autotube.video_fix - INFO - Group 3: 3 words (17 chars), 1.00s - 1.94s
2025-07-20 16:45:29,125 - autotube.video_fix - INFO - Group 4: 3 words (24 chars), 1.92s - 3.20s
2025-07-20 16:45:29,125 - autotube.video_fix - INFO - Group 5: 3 words (15 chars), 3.18s - 4.06s
2025-07-20 16:45:29,126 - autotube.video_fix - INFO - Group 6: 3 words (16 chars), 4.04s - 5.54s
2025-07-20 16:45:29,126 - autotube.video_fix - INFO - Group 7: 4 words (20 chars), 5.52s - 7.06s
2025-07-20 16:45:29,127 - autotube.video_fix - INFO - Group 8: 3 words (26 chars), 7.04s - 8.44s
2025-07-20 16:45:29,127 - autotube.video_fix - INFO - Group 9: 3 words (19 chars), 8.42s - 9.48s
2025-07-20 16:45:29,128 - autotube.video_fix - INFO - Group 10: 3 words (30 chars), 9.60s - 10.82s
2025-07-20 16:45:29,128 - autotube.video_fix - INFO - Group 11: 3 words (25 chars), 10.80s - 12.16s
2025-07-20 16:45:29,128 - autotube.video_fix - INFO - Group 12: 3 words (19 chars), 12.92s - 14.10s
2025-07-20 16:45:29,129 - autotube.video_fix - INFO - Group 13: 3 words (12 chars), 14.08s - 14.68s
2025-07-20 16:45:29,129 - autotube.video_fix - INFO - Group 14: 3 words (18 chars), 14.66s - 15.50s
2025-07-20 16:45:29,130 - autotube.video_fix - INFO - Group 15: 3 words (24 chars), 15.76s - 16.82s
2025-07-20 16:45:29,130 - autotube.video_fix - INFO - Group 16: 3 words (29 chars), 16.80s - 18.66s
2025-07-20 16:45:29,131 - autotube.video_fix - INFO - Group 17: 4 words (19 chars), 18.64s - 19.84s
2025-07-20 16:45:29,131 - autotube.video_fix - INFO - Group 18: 3 words (18 chars), 19.82s - 21.56s
2025-07-20 16:45:29,132 - autotube.video_fix - INFO - Group 19: 3 words (11 chars), 21.54s - 22.10s
2025-07-20 16:45:29,132 - autotube.video_fix - INFO - Group 20: 4 words (22 chars), 22.08s - 23.56s
2025-07-20 16:45:29,133 - autotube.video_fix - INFO - Group 21: 3 words (20 chars), 23.54s - 24.40s
2025-07-20 16:45:29,133 - autotube.video_fix - INFO - Group 22: 3 words (21 chars), 24.38s - 25.46s
2025-07-20 16:45:29,134 - autotube.video_fix - INFO - Group 23: 4 words (19 chars), 25.44s - 26.40s
2025-07-20 16:45:29,134 - autotube.video_fix - INFO - Group 24: 3 words (19 chars), 26.38s - 27.16s
2025-07-20 16:45:29,135 - autotube.video_fix - INFO - Group 25: 3 words (20 chars), 27.14s - 29.00s
2025-07-20 16:45:29,135 - autotube.video_fix - INFO - Group 26: 4 words (24 chars), 28.98s - 30.08s
2025-07-20 16:45:29,135 - autotube.video_fix - INFO - Group 27: 1 words (6 chars), 30.06s - 30.34s
2025-07-20 16:45:29,136 - autotube.video_fix - INFO - Created 27 word groups with smart length limiting
2025-07-20 16:45:29,136 - autotube.video_fix - INFO - Creating clips for group 1: 3 words
2025-07-20 16:45:29,890 - autotube.video_fix - INFO - Created continuous clip for word 1 in group 1: 0.00s - 0.22s
2025-07-20 16:45:30,416 - autotube.video_fix - INFO - Created continuous clip for word 2 in group 1: 0.18s - 0.34s
2025-07-20 16:45:30,920 - autotube.video_fix - INFO - Created continuous clip for word 3 in group 1: 0.30s - 0.39s
2025-07-20 16:45:30,920 - autotube.video_fix - INFO - Created clips for 1/27 word groups - ETA: 2s
2025-07-20 16:45:30,920 - autotube.video_fix - INFO - Creating clips for group 2: 3 words
2025-07-20 16:45:31,486 - autotube.video_fix - INFO - Created continuous clip for word 1 in group 2: 0.44s - 0.70s
2025-07-20 16:45:31,986 - autotube.video_fix - INFO - Created continuous clip for word 2 in group 2: 0.66s - 0.90s
2025-07-20 16:45:32,460 - autotube.video_fix - INFO - Created continuous clip for word 3 in group 2: 0.86s - 0.95s
2025-07-20 16:45:32,461 - autotube.video_fix - INFO - Creating clips for group 3: 3 words
2025-07-20 16:45:33,120 - autotube.video_fix - INFO - Created continuous clip for word 1 in group 3: 1.00s - 1.28s
2025-07-20 16:45:33,747 - autotube.video_fix - INFO - Created continuous clip for word 2 in group 3: 1.24s - 1.68s
2025-07-20 16:45:34,349 - autotube.video_fix - INFO - Created continuous clip for word 3 in group 3: 1.64s - 1.87s
2025-07-20 16:45:34,350 - autotube.video_fix - INFO - Creating clips for group 4: 3 words
2025-07-20 16:45:35,223 - autotube.video_fix - INFO - Created continuous clip for word 1 in group 4: 1.92s - 2.46s
2025-07-20 16:45:36,096 - autotube.video_fix - INFO - Created continuous clip for word 2 in group 4: 2.42s - 2.84s
2025-07-20 16:45:36,982 - autotube.video_fix - INFO - Created continuous clip for word 3 in group 4: 2.80s - 3.13s
2025-07-20 16:45:36,983 - autotube.video_fix - INFO - Creating clips for group 5: 3 words
2025-07-20 16:45:37,475 - autotube.video_fix - INFO - Created continuous clip for word 1 in group 5: 3.18s - 3.44s
2025-07-20 16:45:37,972 - autotube.video_fix - INFO - Created continuous clip for word 2 in group 5: 3.40s - 3.74s
2025-07-20 16:45:38,465 - autotube.video_fix - INFO - Created continuous clip for word 3 in group 5: 3.70s - 3.99s
2025-07-20 16:45:38,465 - autotube.video_fix - INFO - Creating clips for group 6: 3 words
2025-07-20 16:45:39,037 - autotube.video_fix - INFO - Created continuous clip for word 1 in group 6: 4.04s - 4.24s
2025-07-20 16:45:39,625 - autotube.video_fix - INFO - Created continuous clip for word 2 in group 6: 4.20s - 5.42s
2025-07-20 16:45:40,202 - autotube.video_fix - INFO - Created continuous clip for word 3 in group 6: 5.38s - 5.47s
2025-07-20 16:45:40,203 - autotube.video_fix - INFO - Creating clips for group 7: 4 words
2025-07-20 16:45:40,909 - autotube.video_fix - INFO - Created continuous clip for word 1 in group 7: 5.52s - 5.92s
2025-07-20 16:45:41,637 - autotube.video_fix - INFO - Created continuous clip for word 2 in group 7: 5.88s - 6.34s
2025-07-20 16:45:42,369 - autotube.video_fix - INFO - Created continuous clip for word 3 in group 7: 6.30s - 6.72s
2025-07-20 16:45:43,066 - autotube.video_fix - INFO - Created continuous clip for word 4 in group 7: 6.68s - 6.99s
2025-07-20 16:45:43,066 - autotube.video_fix - INFO - Creating clips for group 8: 3 words
2025-07-20 16:45:43,988 - autotube.video_fix - INFO - Created continuous clip for word 1 in group 8: 7.04s - 7.60s
2025-07-20 16:45:44,965 - autotube.video_fix - INFO - Created continuous clip for word 2 in group 8: 7.56s - 8.18s
2025-07-20 16:45:45,936 - autotube.video_fix - INFO - Created continuous clip for word 3 in group 8: 8.14s - 8.37s
2025-07-20 16:45:45,936 - autotube.video_fix - INFO - Creating clips for group 9: 3 words
2025-07-20 16:45:46,627 - autotube.video_fix - INFO - Created continuous clip for word 1 in group 9: 8.42s - 8.96s
2025-07-20 16:45:47,315 - autotube.video_fix - INFO - Created continuous clip for word 2 in group 9: 8.92s - 9.08s
2025-07-20 16:45:48,257 - autotube.video_fix - INFO - Created continuous clip for word 3 in group 9: 9.04s - 9.55s
2025-07-20 16:45:48,257 - autotube.video_fix - INFO - Creating clips for group 10: 3 words
2025-07-20 16:45:49,708 - autotube.video_fix - INFO - Created continuous clip for word 1 in group 10: 9.60s - 10.04s
2025-07-20 16:45:51,286 - autotube.video_fix - INFO - Created continuous clip for word 2 in group 10: 10.00s - 10.44s
2025-07-20 16:45:52,803 - autotube.video_fix - INFO - Created continuous clip for word 3 in group 10: 10.40s - 10.75s
2025-07-20 16:45:52,804 - autotube.video_fix - INFO - Creating clips for group 11: 3 words
2025-07-20 16:45:54,042 - autotube.video_fix - INFO - Created continuous clip for word 1 in group 11: 10.80s - 11.00s
2025-07-20 16:45:55,026 - autotube.video_fix - INFO - Created continuous clip for word 2 in group 11: 10.96s - 11.40s
2025-07-20 16:45:55,940 - autotube.video_fix - INFO - Created continuous clip for word 3 in group 11: 11.36s - 12.46s
2025-07-20 16:45:55,941 - autotube.video_fix - INFO - Created clips for 11/27 word groups - ETA: 27s
2025-07-20 16:45:55,942 - autotube.video_fix - INFO - Creating clips for group 12: 3 words
2025-07-20 16:45:56,622 - autotube.video_fix - INFO - Created continuous clip for word 1 in group 12: 12.92s - 13.14s
2025-07-20 16:45:57,276 - autotube.video_fix - INFO - Created continuous clip for word 2 in group 12: 13.10s - 13.96s
2025-07-20 16:45:57,906 - autotube.video_fix - INFO - Created continuous clip for word 3 in group 12: 13.92s - 14.03s
2025-07-20 16:45:57,906 - autotube.video_fix - INFO - Creating clips for group 13: 3 words
2025-07-20 16:45:58,344 - autotube.video_fix - INFO - Created continuous clip for word 1 in group 13: 14.08s - 14.26s
2025-07-20 16:45:58,785 - autotube.video_fix - INFO - Created continuous clip for word 2 in group 13: 14.22s - 14.44s
2025-07-20 16:45:59,239 - autotube.video_fix - INFO - Created continuous clip for word 3 in group 13: 14.40s - 14.61s
2025-07-20 16:45:59,240 - autotube.video_fix - INFO - Creating clips for group 14: 3 words
2025-07-20 16:45:59,825 - autotube.video_fix - INFO - Created continuous clip for word 1 in group 14: 14.66s - 14.96s
2025-07-20 16:46:00,418 - autotube.video_fix - INFO - Created continuous clip for word 2 in group 14: 14.92s - 15.16s
2025-07-20 16:46:01,009 - autotube.video_fix - INFO - Created continuous clip for word 3 in group 14: 15.12s - 15.71s
2025-07-20 16:46:01,009 - autotube.video_fix - INFO - Creating clips for group 15: 3 words
2025-07-20 16:46:01,971 - autotube.video_fix - INFO - Created continuous clip for word 1 in group 15: 15.76s - 16.10s
2025-07-20 16:46:02,796 - autotube.video_fix - INFO - Created continuous clip for word 2 in group 15: 16.06s - 16.58s
2025-07-20 16:46:03,591 - autotube.video_fix - INFO - Created continuous clip for word 3 in group 15: 16.54s - 16.75s
2025-07-20 16:46:03,591 - autotube.video_fix - INFO - Creating clips for group 16: 3 words
2025-07-20 16:46:04,614 - autotube.video_fix - INFO - Created continuous clip for word 1 in group 16: 16.80s - 17.86s
2025-07-20 16:46:05,694 - autotube.video_fix - INFO - Created continuous clip for word 2 in group 16: 17.82s - 18.16s
2025-07-20 16:46:06,720 - autotube.video_fix - INFO - Created continuous clip for word 3 in group 16: 18.12s - 18.59s
2025-07-20 16:46:06,720 - autotube.video_fix - INFO - Creating clips for group 17: 4 words
2025-07-20 16:46:07,364 - autotube.video_fix - INFO - Created continuous clip for word 1 in group 17: 18.64s - 18.88s
2025-07-20 16:46:08,003 - autotube.video_fix - INFO - Created continuous clip for word 2 in group 17: 18.84s - 19.10s
2025-07-20 16:46:08,643 - autotube.video_fix - INFO - Created continuous clip for word 3 in group 17: 19.06s - 19.38s
2025-07-20 16:46:09,293 - autotube.video_fix - INFO - Created continuous clip for word 4 in group 17: 19.34s - 19.77s
2025-07-20 16:46:09,294 - autotube.video_fix - INFO - Creating clips for group 18: 3 words
2025-07-20 16:46:09,922 - autotube.video_fix - INFO - Created continuous clip for word 1 in group 18: 19.82s - 20.50s
2025-07-20 16:46:10,509 - autotube.video_fix - INFO - Created continuous clip for word 2 in group 18: 20.46s - 21.34s
2025-07-20 16:46:11,120 - autotube.video_fix - INFO - Created continuous clip for word 3 in group 18: 21.30s - 21.49s
2025-07-20 16:46:11,121 - autotube.video_fix - INFO - Creating clips for group 19: 3 words
2025-07-20 16:46:11,436 - autotube.video_fix - INFO - Created continuous clip for word 1 in group 19: 21.54s - 21.74s
2025-07-20 16:46:11,775 - autotube.video_fix - INFO - Created continuous clip for word 2 in group 19: 21.70s - 21.90s
2025-07-20 16:46:12,125 - autotube.video_fix - INFO - Created continuous clip for word 3 in group 19: 21.86s - 22.03s
2025-07-20 16:46:12,125 - autotube.video_fix - INFO - Creating clips for group 20: 4 words
2025-07-20 16:46:12,881 - autotube.video_fix - INFO - Created continuous clip for word 1 in group 20: 22.08s - 22.44s
2025-07-20 16:46:13,609 - autotube.video_fix - INFO - Created continuous clip for word 2 in group 20: 22.40s - 23.22s
2025-07-20 16:46:14,315 - autotube.video_fix - INFO - Created continuous clip for word 3 in group 20: 23.18s - 23.36s
2025-07-20 16:46:15,012 - autotube.video_fix - INFO - Created continuous clip for word 4 in group 20: 23.32s - 23.49s
2025-07-20 16:46:15,013 - autotube.video_fix - INFO - Creating clips for group 21: 3 words
2025-07-20 16:46:15,789 - autotube.video_fix - INFO - Created continuous clip for word 1 in group 21: 23.54s - 23.88s
2025-07-20 16:46:16,567 - autotube.video_fix - INFO - Created continuous clip for word 2 in group 21: 23.84s - 24.12s
2025-07-20 16:46:17,362 - autotube.video_fix - INFO - Created continuous clip for word 3 in group 21: 24.08s - 24.33s
2025-07-20 16:46:17,362 - autotube.video_fix - INFO - Created clips for 21/27 word groups - ETA: 48s
2025-07-20 16:46:17,362 - autotube.video_fix - INFO - Creating clips for group 22: 3 words
2025-07-20 16:46:18,233 - autotube.video_fix - INFO - Created continuous clip for word 1 in group 22: 24.38s - 24.74s
2025-07-20 16:46:19,021 - autotube.video_fix - INFO - Created continuous clip for word 2 in group 22: 24.70s - 25.14s
2025-07-20 16:46:19,846 - autotube.video_fix - INFO - Created continuous clip for word 3 in group 22: 25.10s - 25.39s
2025-07-20 16:46:19,846 - autotube.video_fix - INFO - Creating clips for group 23: 4 words
2025-07-20 16:46:20,477 - autotube.video_fix - INFO - Created continuous clip for word 1 in group 23: 25.44s - 26.08s
2025-07-20 16:46:21,108 - autotube.video_fix - INFO - Created continuous clip for word 2 in group 23: 26.04s - 26.20s
2025-07-20 16:46:21,754 - autotube.video_fix - INFO - Created continuous clip for word 3 in group 23: 26.16s - 26.32s
2025-07-20 16:46:22,408 - autotube.video_fix - INFO - Created continuous clip for word 4 in group 23: 26.28s - 26.33s
2025-07-20 16:46:22,409 - autotube.video_fix - INFO - Creating clips for group 24: 3 words
2025-07-20 16:46:23,166 - autotube.video_fix - INFO - Created continuous clip for word 1 in group 24: 26.38s - 26.72s
2025-07-20 16:46:23,927 - autotube.video_fix - INFO - Created continuous clip for word 2 in group 24: 26.68s - 26.94s
2025-07-20 16:46:24,666 - autotube.video_fix - INFO - Created continuous clip for word 3 in group 24: 26.90s - 27.09s
2025-07-20 16:46:24,666 - autotube.video_fix - INFO - Creating clips for group 25: 3 words
2025-07-20 16:46:25,394 - autotube.video_fix - INFO - Created continuous clip for word 1 in group 25: 27.14s - 27.32s
2025-07-20 16:46:26,134 - autotube.video_fix - INFO - Created continuous clip for word 2 in group 25: 27.28s - 28.48s
2025-07-20 16:46:26,847 - autotube.video_fix - INFO - Created continuous clip for word 3 in group 25: 28.44s - 28.93s
2025-07-20 16:46:26,847 - autotube.video_fix - INFO - Creating clips for group 26: 4 words
2025-07-20 16:46:27,886 - autotube.video_fix - INFO - Created continuous clip for word 1 in group 26: 28.98s - 29.36s
2025-07-20 16:46:29,529 - autotube.video_fix - INFO - Created continuous clip for word 2 in group 26: 29.32s - 29.62s
2025-07-20 16:46:31,430 - autotube.video_fix - INFO - Created continuous clip for word 3 in group 26: 29.58s - 29.88s
2025-07-20 16:46:32,901 - autotube.video_fix - INFO - Created continuous clip for word 4 in group 26: 29.84s - 30.01s
2025-07-20 16:46:32,901 - autotube.video_fix - INFO - Creating clips for group 27: 1 words
2025-07-20 16:46:33,232 - autotube.video_fix - INFO - Created continuous clip for word 1 in group 27: 30.06s - 30.54s
2025-07-20 16:46:33,233 - autotube.video_fix - INFO - Created 84 individual subtitle clips
2025-07-20 16:46:33,234 - autotube.video_fix - INFO - Viral subtitle creation took 64.11s
2025-07-20 16:46:33,234 - autotube.video_fix - INFO - Subtitle clips count: 84
2025-07-20 16:46:33,258 - autotube.video_fix - INFO - Video composition took 0.02s
2025-07-20 16:46:33,259 - autotube.video_fix - INFO - Original audio duration: 33.430s
2025-07-20 16:46:33,259 - autotube.video_fix - INFO - Final video duration: 33.430s
2025-07-20 16:46:33,259 - autotube.video_fix - INFO - Final audio duration: 33.430s
2025-07-20 16:46:33,260 - autotube.video_fix - INFO - Final video - Duration: 33.43s, Audio: True
2025-07-20 16:46:33,260 - autotube.video_fix - INFO - Writing HD viral subtitle video: C:\autotube\ThroughTheLensofHistory_30seoconds\output\subtitles_processed_video\SecretsoftheGreatLibraryofAlexandriaRevealed\SecretsoftheGreatLibraryofAlexandriaRevealed_final.mp4
2025-07-20 16:47:19,157 - autotube.video_fix - INFO - Video writing took 45.90s
2025-07-20 16:47:19,158 - autotube.video_fix - INFO - Validating output file with duration verification...
2025-07-20 16:47:19,621 - autotube.video_fix - INFO - Output file - Video Duration: 33.430s, Audio Duration: 33.430s
2025-07-20 16:47:19,621 - autotube.video_fix - INFO - ✅ Perfect audio duration match: 33.430s
2025-07-20 16:47:19,621 - autotube.video_fix - INFO - ✅ Perfect video duration match: 33.430s
2025-07-20 16:47:19,655 - autotube.video_fix - INFO - Scientifically optimized viral subtitle video created: C:\autotube\ThroughTheLensofHistory_30seoconds\output\subtitles_processed_video\SecretsoftheGreatLibraryofAlexandriaRevealed\SecretsoftheGreatLibraryofAlexandriaRevealed_final.mp4
2025-07-20 16:47:19,655 - autotube.video_fix - INFO - Total processing time: 126.52s
