2025-07-18 15:37:53,498 - autotube.audio_video - INFO - 🚀 Starting audio_video pipeline for topic: TheShockingTruthBehindBrideKidnapping
2025-07-18 15:37:53,499 - autotube.audio_video - INFO - 📝 Log file: C:\autotube\ThroughTheLensofHistory\output\content_gen_logs\TheShockingTruthBehindBrideKidnapping_audio_video_2025-07-18_15-37-53.log
2025-07-18 15:37:53,499 - autotube.audio_video - INFO - 📁 Sanitized folder name: TheShockingTruthBehindBrideKidnapping
2025-07-18 15:37:53,499 - autotube.audio_video - INFO - 🎚️ Step 0: Audio Mixing for topic: TheShockingTruthBehindBrideKidnapping
2025-07-18 15:37:53,509 - autotube.audio_video - INFO - ✅ Found source TTS audio: C:\autotube\ThroughTheLensofHistory\output\audio\TheShockingTruthBehindBrideKidnapping\audio_TheShockingTruthBehindBrideKidnapping.mp3
2025-07-18 15:37:53,509 - autotube.audio_video - INFO - ✅ Found music selection: C:\autotube\ThroughTheLensofHistory\output\music_selections\TheShockingTruthBehindBrideKidnapping\music_selection.json
2025-07-18 15:37:53,525 - autotube.audio_video - INFO - ✅ Found music file: C:\autotube\ThroughTheLensofHistory\data\music\Somber\emotional-cinematic-drone-melody-beautiful-cinematic-drone-191518.mp3
2025-07-18 15:37:53,543 - autotube.audio_video - INFO - 🎚️ Mixing TTS with background music...
2025-07-18 15:37:53,543 - src.audio_mixer - INFO - Loading audio file: C:\autotube\ThroughTheLensofHistory\output\audio\TheShockingTruthBehindBrideKidnapping\audio_TheShockingTruthBehindBrideKidnapping.mp3
2025-07-18 15:37:53,654 - src.audio_mixer - INFO - Loaded audio: 57809ms, 44100Hz, 2 channels
2025-07-18 15:37:53,654 - src.audio_mixer - INFO - Loading audio file: C:\autotube\ThroughTheLensofHistory\data\music\Somber\emotional-cinematic-drone-melody-beautiful-cinematic-drone-191518.mp3
2025-07-18 15:37:53,903 - src.audio_mixer - INFO - Loaded audio: 138031ms, 44100Hz, 2 channels
2025-07-18 15:37:53,903 - src.audio_mixer - INFO - Mixing audio (simple, mobile-optimized)...
2025-07-18 15:37:53,906 - src.audio_mixer - INFO - Balancing audio levels for mobile...
2025-07-18 15:37:53,942 - src.audio_mixer - INFO - Voice adjusted by 9.3dB, Music by -9.1dB
2025-07-18 15:37:53,972 - src.audio_mixer - INFO - Audio mixing completed: 57809ms
2025-07-18 15:37:54,584 - src.audio_mixer - INFO - Mixed story audio saved: C:\autotube\ThroughTheLensofHistory\output\mixed_audio\TheShockingTruthBehindBrideKidnapping\mixed_audio_TheShockingTruthBehindBrideKidnapping.mp3
2025-07-18 15:37:54,587 - autotube.audio_video - INFO - ✅ Mixed audio created: C:\autotube\ThroughTheLensofHistory\output\mixed_audio\TheShockingTruthBehindBrideKidnapping\mixed_audio_TheShockingTruthBehindBrideKidnapping.mp3
2025-07-18 15:37:54,587 - autotube.audio_video - INFO - 📊 Mixed audio size: 1,801,840 bytes (1.7 MB)
2025-07-18 15:37:54,587 - autotube.audio_video - INFO - 🎬 Creating Ken Burns video for topic: TheShockingTruthBehindBrideKidnapping
2025-07-18 15:37:54,587 - autotube.audio_video - INFO - ✅ MoviePy Video Composer initialized
2025-07-18 15:37:54,587 - autotube.audio_video - INFO - 📐 Video dimensions: 768x1344 (maintained throughout pipeline)
2025-07-18 15:37:54,589 - autotube.audio_video - INFO - 🎬 Starting unified video composition for: TheShockingTruthBehindBrideKidnapping
2025-07-18 15:37:54,703 - autotube.audio_video - INFO - 📸 Loaded 20 images for video
2025-07-18 15:37:54,704 - autotube.audio_video - INFO - 📐 Target dimensions: 768x1344 (no downscaling)
2025-07-18 15:37:54,704 - autotube.audio_video - INFO - ⏱️  Image duration: 2.89 seconds per image
2025-07-18 15:37:54,704 - autotube.audio_video - INFO - 🔗 Creating video: C:\autotube\ThroughTheLensofHistory\output\videos\TheShockingTruthBehindBrideKidnapping_kenburns.mp4
2025-07-18 15:37:54,704 - autotube.audio_video - INFO - 🎲 Generated random effects sequence: ['pan_left', 'zoom_in', 'pan_left', 'pan_right', 'zoom_in']...
2025-07-18 15:37:54,705 - autotube.audio_video - INFO - 📸 Processing image 1/20: image_01.jpg
2025-07-18 15:37:54,705 - autotube.audio_video - INFO - ✨ Applying pan_left effect
2025-07-18 15:37:54,718 - autotube.audio_video - INFO - 📸 Processing image 2/20: image_02.jpg
2025-07-18 15:37:54,718 - autotube.audio_video - INFO - ✨ Applying zoom_in effect
2025-07-18 15:37:54,730 - autotube.audio_video - INFO - 📸 Processing image 3/20: image_03.jpg
2025-07-18 15:37:54,730 - autotube.audio_video - INFO - ✨ Applying pan_left effect
2025-07-18 15:37:54,740 - autotube.audio_video - INFO - 📸 Processing image 4/20: image_04.jpg
2025-07-18 15:37:54,741 - autotube.audio_video - INFO - ✨ Applying pan_right effect
2025-07-18 15:37:54,765 - autotube.audio_video - INFO - 📸 Processing image 5/20: image_05.jpg
2025-07-18 15:37:54,766 - autotube.audio_video - INFO - ✨ Applying zoom_in effect
2025-07-18 15:37:54,793 - autotube.audio_video - INFO - 📸 Processing image 6/20: image_06.jpg
2025-07-18 15:37:54,793 - autotube.audio_video - INFO - ✨ Applying pan_right effect
2025-07-18 15:37:54,816 - autotube.audio_video - INFO - 📸 Processing image 7/20: image_07.jpg
2025-07-18 15:37:54,818 - autotube.audio_video - INFO - ✨ Applying zoom_out effect
2025-07-18 15:37:54,843 - autotube.audio_video - INFO - 📸 Processing image 8/20: image_08.jpg
2025-07-18 15:37:54,844 - autotube.audio_video - INFO - ✨ Applying pan_right effect
2025-07-18 15:37:54,869 - autotube.audio_video - INFO - 📸 Processing image 9/20: image_09.jpg
2025-07-18 15:37:54,869 - autotube.audio_video - INFO - ✨ Applying zoom_in effect
2025-07-18 15:37:54,894 - autotube.audio_video - INFO - 📸 Processing image 10/20: image_10.jpg
2025-07-18 15:37:54,894 - autotube.audio_video - INFO - ✨ Applying pan_right effect
2025-07-18 15:37:54,917 - autotube.audio_video - INFO - 📸 Processing image 11/20: image_11.jpg
2025-07-18 15:37:54,917 - autotube.audio_video - INFO - ✨ Applying pan_left effect
2025-07-18 15:37:54,939 - autotube.audio_video - INFO - 📸 Processing image 12/20: image_12.jpg
2025-07-18 15:37:54,939 - autotube.audio_video - INFO - ✨ Applying zoom_in effect
2025-07-18 15:37:54,962 - autotube.audio_video - INFO - 📸 Processing image 13/20: image_13.jpg
2025-07-18 15:37:54,962 - autotube.audio_video - INFO - ✨ Applying pan_left effect
2025-07-18 15:37:54,987 - autotube.audio_video - INFO - 📸 Processing image 14/20: image_14.jpg
2025-07-18 15:37:54,988 - autotube.audio_video - INFO - ✨ Applying zoom_in effect
2025-07-18 15:37:55,011 - autotube.audio_video - INFO - 📸 Processing image 15/20: image_15.jpg
2025-07-18 15:37:55,011 - autotube.audio_video - INFO - ✨ Applying pan_left effect
2025-07-18 15:37:55,031 - autotube.audio_video - INFO - 📸 Processing image 16/20: image_16.jpg
2025-07-18 15:37:55,031 - autotube.audio_video - INFO - ✨ Applying zoom_out effect
2025-07-18 15:37:55,055 - autotube.audio_video - INFO - 📸 Processing image 17/20: image_17.jpg
2025-07-18 15:37:55,056 - autotube.audio_video - INFO - ✨ Applying pan_right effect
2025-07-18 15:37:55,077 - autotube.audio_video - INFO - 📸 Processing image 18/20: image_18.jpg
2025-07-18 15:37:55,078 - autotube.audio_video - INFO - ✨ Applying zoom_in effect
2025-07-18 15:37:55,101 - autotube.audio_video - INFO - 📸 Processing image 19/20: image_19.jpg
2025-07-18 15:37:55,101 - autotube.audio_video - INFO - ✨ Applying zoom_out effect
2025-07-18 15:37:55,131 - autotube.audio_video - INFO - 📸 Processing image 20/20: image_20.jpg
2025-07-18 15:37:55,131 - autotube.audio_video - INFO - ✨ Applying pan_left effect
2025-07-18 15:37:55,152 - autotube.audio_video - INFO - 🔗 Concatenating 20 clips...
2025-07-18 15:37:55,201 - autotube.audio_video - INFO - 🎵 Adding audio to video...
2025-07-18 15:37:55,274 - autotube.audio_video - INFO - 💾 Writing final video: C:\autotube\ThroughTheLensofHistory\output\videos\TheShockingTruthBehindBrideKidnapping_kenburns.mp4
2025-07-18 15:39:15,067 - autotube.audio_video - INFO - ✅ Video dimensions verified: 768x1344
2025-07-18 15:39:15,068 - autotube.audio_video - INFO - ✅ Video FPS verified: 30.0
2025-07-18 15:39:15,068 - autotube.audio_video - INFO - ✅ Video duration: 57.87 seconds
2025-07-18 15:39:15,069 - autotube.audio_video - INFO - ✅ Video file size: 11.5 MB
2025-07-18 15:39:15,069 - autotube.audio_video - INFO - 🎯 HD Quality: Excellent file size indicates high quality
2025-07-18 15:39:15,094 - autotube.audio_video - INFO - ✅ Video composition completed: C:\autotube\ThroughTheLensofHistory\output\videos\TheShockingTruthBehindBrideKidnapping_kenburns.mp4
2025-07-18 15:39:15,096 - autotube.audio_video - INFO - 🎯 HD Quality Video: 768x1344 @ 30fps
2025-07-18 15:39:15,097 - autotube.audio_video - INFO - ✅ Ken Burns video created: C:\autotube\ThroughTheLensofHistory\output\videos\TheShockingTruthBehindBrideKidnapping_kenburns.mp4
2025-07-18 15:39:15,097 - autotube.audio_video - INFO - 🎬 Adding dynamic subtitles to video
2025-07-18 15:39:15,097 - autotube.audio_video - INFO - Loading cached Whisper model from: C:\Users\mjjab/.cache/huggingface/hub/models--Systran--faster-whisper-small
2025-07-18 15:39:15,109 - autotube.audio_video - WARNING - Failed to load from C:\Users\mjjab/.cache/huggingface/hub/models--Systran--faster-whisper-small: Unable to open file 'model.bin' in model 'C:\Users\mjjab/.cache/huggingface/hub/models--Systran--faster-whisper-small'
2025-07-18 15:39:15,110 - autotube.audio_video - INFO - Loading Whisper model (small) - will download if not cached...
2025-07-18 15:39:17,188 - autotube.audio_video - INFO - Whisper model loaded successfully
2025-07-18 15:39:17,189 - autotube.audio_video - INFO - Loaded font: C:/Windows/Fonts/impact.ttf
2025-07-18 15:39:17,189 - autotube.audio_video - INFO - Transcribing audio with word-level timing...
2025-07-18 15:39:17,432 - faster_whisper - INFO - Processing audio with duration 00:57.809
2025-07-18 15:39:20,544 - faster_whisper - INFO - Detected language 'en' with probability 1.00
2025-07-18 15:39:45,315 - autotube.audio_video - INFO - Extracted 157 words with timing
2025-07-18 15:39:45,315 - autotube.audio_video - INFO - Word timing extraction with story fallback took 28.13s
2025-07-18 15:39:45,654 - autotube.audio_video - INFO - Video loading took 0.34s
2025-07-18 15:39:45,654 - autotube.audio_video - INFO - Original video - Duration: 57.87s, FPS: 30.0, Audio: True
2025-07-18 15:39:45,655 - autotube.audio_video - INFO - Creating individual subtitle clips from 157 words...
2025-07-18 15:39:45,655 - autotube.audio_video - INFO - Group 1: 3 words (18 chars), 0.00s - 0.68s
2025-07-18 15:39:45,655 - autotube.audio_video - INFO - Group 2: 4 words (17 chars), 1.08s - 1.82s
2025-07-18 15:39:45,655 - autotube.audio_video - INFO - Group 3: 3 words (20 chars), 2.40s - 3.60s
2025-07-18 15:39:45,655 - autotube.audio_video - INFO - Group 4: 3 words (21 chars), 3.58s - 4.42s
2025-07-18 15:39:45,655 - autotube.audio_video - INFO - Group 5: 3 words (24 chars), 4.40s - 6.08s
2025-07-18 15:39:45,655 - autotube.audio_video - INFO - Group 6: 3 words (21 chars), 6.06s - 7.04s
2025-07-18 15:39:45,656 - autotube.audio_video - INFO - Group 7: 3 words (21 chars), 7.02s - 7.98s
2025-07-18 15:39:45,656 - autotube.audio_video - INFO - Group 8: 3 words (14 chars), 9.14s - 9.78s
2025-07-18 15:39:45,656 - autotube.audio_video - INFO - Group 9: 4 words (15 chars), 9.76s - 10.44s
2025-07-18 15:39:45,656 - autotube.audio_video - INFO - Group 10: 3 words (20 chars), 10.42s - 11.80s
2025-07-18 15:39:45,656 - autotube.audio_video - INFO - Group 11: 4 words (22 chars), 11.78s - 12.92s
2025-07-18 15:39:45,657 - autotube.audio_video - INFO - Group 12: 4 words (18 chars), 12.90s - 13.84s
2025-07-18 15:39:45,657 - autotube.audio_video - INFO - Group 13: 3 words (22 chars), 13.82s - 15.32s
2025-07-18 15:39:45,657 - autotube.audio_video - INFO - Group 14: 4 words (23 chars), 15.30s - 16.60s
2025-07-18 15:39:45,657 - autotube.audio_video - INFO - Group 15: 4 words (22 chars), 16.58s - 17.80s
2025-07-18 15:39:45,658 - autotube.audio_video - INFO - Group 16: 4 words (23 chars), 18.18s - 19.30s
2025-07-18 15:39:45,658 - autotube.audio_video - INFO - Group 17: 4 words (14 chars), 19.28s - 20.16s
2025-07-18 15:39:45,658 - autotube.audio_video - INFO - Group 18: 3 words (18 chars), 20.14s - 21.14s
2025-07-18 15:39:45,658 - autotube.audio_video - INFO - Group 19: 3 words (24 chars), 21.94s - 23.18s
2025-07-18 15:39:45,659 - autotube.audio_video - INFO - Group 20: 4 words (24 chars), 23.16s - 24.82s
2025-07-18 15:39:45,659 - autotube.audio_video - INFO - Group 21: 3 words (19 chars), 24.80s - 25.96s
2025-07-18 15:39:45,659 - autotube.audio_video - INFO - Group 22: 3 words (25 chars), 25.94s - 27.38s
2025-07-18 15:39:45,659 - autotube.audio_video - INFO - Group 23: 3 words (14 chars), 27.36s - 28.22s
2025-07-18 15:39:45,659 - autotube.audio_video - INFO - Group 24: 3 words (17 chars), 28.20s - 29.06s
2025-07-18 15:39:45,660 - autotube.audio_video - INFO - Group 25: 3 words (12 chars), 29.30s - 29.86s
2025-07-18 15:39:45,660 - autotube.audio_video - INFO - Group 26: 4 words (25 chars), 29.84s - 31.10s
2025-07-18 15:39:45,660 - autotube.audio_video - INFO - Group 27: 4 words (25 chars), 31.08s - 33.74s
2025-07-18 15:39:45,660 - autotube.audio_video - INFO - Group 28: 4 words (23 chars), 33.72s - 34.76s
2025-07-18 15:39:45,661 - autotube.audio_video - INFO - Group 29: 3 words (19 chars), 34.74s - 35.66s
2025-07-18 15:39:45,661 - autotube.audio_video - INFO - Group 30: 3 words (27 chars), 36.02s - 37.44s
2025-07-18 15:39:45,661 - autotube.audio_video - INFO - Group 31: 4 words (20 chars), 38.16s - 39.04s
2025-07-18 15:39:45,662 - autotube.audio_video - INFO - Group 32: 4 words (25 chars), 39.02s - 40.48s
2025-07-18 15:39:45,662 - autotube.audio_video - INFO - Group 33: 4 words (18 chars), 40.46s - 41.48s
2025-07-18 15:39:45,662 - autotube.audio_video - INFO - Group 34: 3 words (16 chars), 41.46s - 42.14s
2025-07-18 15:39:45,663 - autotube.audio_video - INFO - Group 35: 3 words (27 chars), 42.12s - 43.74s
2025-07-18 15:39:45,663 - autotube.audio_video - INFO - Group 36: 3 words (19 chars), 44.00s - 44.74s
2025-07-18 15:39:45,663 - autotube.audio_video - INFO - Group 37: 4 words (22 chars), 44.72s - 46.30s
2025-07-18 15:39:45,663 - autotube.audio_video - INFO - Group 38: 3 words (17 chars), 46.28s - 47.12s
2025-07-18 15:39:45,664 - autotube.audio_video - INFO - Group 39: 3 words (18 chars), 47.10s - 48.00s
2025-07-18 15:39:45,664 - autotube.audio_video - INFO - Group 40: 3 words (19 chars), 47.98s - 50.36s
2025-07-18 15:39:45,664 - autotube.audio_video - INFO - Group 41: 4 words (21 chars), 50.68s - 51.68s
2025-07-18 15:39:45,664 - autotube.audio_video - INFO - Group 42: 3 words (16 chars), 51.66s - 52.32s
2025-07-18 15:39:45,665 - autotube.audio_video - INFO - Group 43: 4 words (18 chars), 52.30s - 54.64s
2025-07-18 15:39:45,665 - autotube.audio_video - INFO - Group 44: 4 words (16 chars), 54.62s - 55.36s
2025-07-18 15:39:45,665 - autotube.audio_video - INFO - Group 45: 3 words (22 chars), 55.34s - 56.20s
2025-07-18 15:39:45,666 - autotube.audio_video - INFO - Group 46: 3 words (22 chars), 56.18s - 57.02s
2025-07-18 15:39:45,666 - autotube.audio_video - INFO - Created 46 word groups with smart length limiting
2025-07-18 15:39:45,666 - autotube.audio_video - INFO - Creating clips for group 1: 3 words
2025-07-18 15:39:46,522 - autotube.audio_video - INFO - Created continuous clip for word 1 in group 1: 0.00s - 0.18s
2025-07-18 15:39:47,339 - autotube.audio_video - INFO - Created continuous clip for word 2 in group 1: 0.14s - 0.38s
2025-07-18 15:39:48,067 - autotube.audio_video - INFO - Created continuous clip for word 3 in group 1: 0.34s - 0.98s
2025-07-18 15:39:48,067 - autotube.audio_video - INFO - Created clips for 1/46 word groups - ETA: 2s
2025-07-18 15:39:48,067 - autotube.audio_video - INFO - Creating clips for group 2: 4 words
2025-07-18 15:39:48,675 - autotube.audio_video - INFO - Created continuous clip for word 1 in group 2: 1.08s - 1.26s
2025-07-18 15:39:49,229 - autotube.audio_video - INFO - Created continuous clip for word 2 in group 2: 1.22s - 1.42s
2025-07-18 15:39:49,800 - autotube.audio_video - INFO - Created continuous clip for word 3 in group 2: 1.38s - 1.52s
2025-07-18 15:39:50,333 - autotube.audio_video - INFO - Created continuous clip for word 4 in group 2: 1.48s - 2.12s
2025-07-18 15:39:50,333 - autotube.audio_video - INFO - Creating clips for group 3: 3 words
2025-07-18 15:39:51,094 - autotube.audio_video - INFO - Created continuous clip for word 1 in group 3: 2.40s - 2.72s
2025-07-18 15:39:51,792 - autotube.audio_video - INFO - Created continuous clip for word 2 in group 3: 2.68s - 3.48s
2025-07-18 15:39:52,628 - autotube.audio_video - INFO - Created continuous clip for word 3 in group 3: 3.44s - 3.53s
2025-07-18 15:39:52,629 - autotube.audio_video - INFO - Creating clips for group 4: 3 words
2025-07-18 15:39:53,450 - autotube.audio_video - INFO - Created continuous clip for word 1 in group 4: 3.58s - 3.86s
2025-07-18 15:39:54,378 - autotube.audio_video - INFO - Created continuous clip for word 2 in group 4: 3.82s - 4.20s
2025-07-18 15:39:55,272 - autotube.audio_video - INFO - Created continuous clip for word 3 in group 4: 4.16s - 4.35s
2025-07-18 15:39:55,273 - autotube.audio_video - INFO - Creating clips for group 5: 3 words
2025-07-18 15:39:56,247 - autotube.audio_video - INFO - Created continuous clip for word 1 in group 5: 4.40s - 5.38s
2025-07-18 15:39:57,189 - autotube.audio_video - INFO - Created continuous clip for word 2 in group 5: 5.34s - 5.74s
2025-07-18 15:39:58,170 - autotube.audio_video - INFO - Created continuous clip for word 3 in group 5: 5.70s - 6.01s
2025-07-18 15:39:58,170 - autotube.audio_video - INFO - Creating clips for group 6: 3 words
2025-07-18 15:39:59,145 - autotube.audio_video - INFO - Created continuous clip for word 1 in group 6: 6.06s - 6.60s
2025-07-18 15:40:00,110 - autotube.audio_video - INFO - Created continuous clip for word 2 in group 6: 6.56s - 6.82s
2025-07-18 15:40:01,155 - autotube.audio_video - INFO - Created continuous clip for word 3 in group 6: 6.78s - 6.97s
2025-07-18 15:40:01,156 - autotube.audio_video - INFO - Creating clips for group 7: 3 words
2025-07-18 15:40:02,047 - autotube.audio_video - INFO - Created continuous clip for word 1 in group 7: 7.02s - 7.42s
2025-07-18 15:40:02,967 - autotube.audio_video - INFO - Created continuous clip for word 2 in group 7: 7.38s - 7.64s
2025-07-18 15:40:03,813 - autotube.audio_video - INFO - Created continuous clip for word 3 in group 7: 7.60s - 8.28s
2025-07-18 15:40:03,814 - autotube.audio_video - INFO - Creating clips for group 8: 3 words
2025-07-18 15:40:04,299 - autotube.audio_video - INFO - Created continuous clip for word 1 in group 8: 9.14s - 9.46s
2025-07-18 15:40:04,803 - autotube.audio_video - INFO - Created continuous clip for word 2 in group 8: 9.42s - 9.58s
2025-07-18 15:40:05,309 - autotube.audio_video - INFO - Created continuous clip for word 3 in group 8: 9.54s - 9.71s
2025-07-18 15:40:05,309 - autotube.audio_video - INFO - Creating clips for group 9: 4 words
2025-07-18 15:40:05,790 - autotube.audio_video - INFO - Created continuous clip for word 1 in group 9: 9.76s - 9.96s
2025-07-18 15:40:06,366 - autotube.audio_video - INFO - Created continuous clip for word 2 in group 9: 9.92s - 10.26s
2025-07-18 15:40:06,910 - autotube.audio_video - INFO - Created continuous clip for word 3 in group 9: 10.22s - 10.34s
2025-07-18 15:40:07,410 - autotube.audio_video - INFO - Created continuous clip for word 4 in group 9: 10.30s - 10.37s
2025-07-18 15:40:07,410 - autotube.audio_video - INFO - Creating clips for group 10: 3 words
2025-07-18 15:40:08,203 - autotube.audio_video - INFO - Created continuous clip for word 1 in group 10: 10.42s - 11.26s
2025-07-18 15:40:08,967 - autotube.audio_video - INFO - Created continuous clip for word 2 in group 10: 11.22s - 11.44s
2025-07-18 15:40:09,748 - autotube.audio_video - INFO - Created continuous clip for word 3 in group 10: 11.40s - 11.73s
2025-07-18 15:40:09,748 - autotube.audio_video - INFO - Creating clips for group 11: 4 words
2025-07-18 15:40:10,543 - autotube.audio_video - INFO - Created continuous clip for word 1 in group 11: 11.78s - 12.18s
2025-07-18 15:40:11,310 - autotube.audio_video - INFO - Created continuous clip for word 2 in group 11: 12.14s - 12.42s
2025-07-18 15:40:12,087 - autotube.audio_video - INFO - Created continuous clip for word 3 in group 11: 12.38s - 12.62s
2025-07-18 15:40:12,829 - autotube.audio_video - INFO - Created continuous clip for word 4 in group 11: 12.58s - 12.85s
2025-07-18 15:40:12,830 - autotube.audio_video - INFO - Created clips for 11/46 word groups - ETA: 27s
2025-07-18 15:40:12,830 - autotube.audio_video - INFO - Creating clips for group 12: 4 words
2025-07-18 15:40:13,484 - autotube.audio_video - INFO - Created continuous clip for word 1 in group 12: 12.90s - 13.20s
2025-07-18 15:40:14,163 - autotube.audio_video - INFO - Created continuous clip for word 2 in group 12: 13.16s - 13.42s
2025-07-18 15:40:14,815 - autotube.audio_video - INFO - Created continuous clip for word 3 in group 12: 13.38s - 13.66s
2025-07-18 15:40:15,507 - autotube.audio_video - INFO - Created continuous clip for word 4 in group 12: 13.62s - 13.77s
2025-07-18 15:40:15,507 - autotube.audio_video - INFO - Creating clips for group 13: 3 words
2025-07-18 15:40:16,352 - autotube.audio_video - INFO - Created continuous clip for word 1 in group 13: 13.82s - 14.10s
2025-07-18 15:40:17,221 - autotube.audio_video - INFO - Created continuous clip for word 2 in group 13: 14.06s - 15.06s
2025-07-18 15:40:18,030 - autotube.audio_video - INFO - Created continuous clip for word 3 in group 13: 15.02s - 15.25s
2025-07-18 15:40:18,030 - autotube.audio_video - INFO - Creating clips for group 14: 4 words
2025-07-18 15:40:19,030 - autotube.audio_video - INFO - Created continuous clip for word 1 in group 14: 15.30s - 15.58s
2025-07-18 15:40:20,139 - autotube.audio_video - INFO - Created continuous clip for word 2 in group 14: 15.54s - 15.76s
2025-07-18 15:40:21,039 - autotube.audio_video - INFO - Created continuous clip for word 3 in group 14: 15.72s - 16.44s
2025-07-18 15:40:21,991 - autotube.audio_video - INFO - Created continuous clip for word 4 in group 14: 16.40s - 16.53s
2025-07-18 15:40:21,992 - autotube.audio_video - INFO - Creating clips for group 15: 4 words
2025-07-18 15:40:22,683 - autotube.audio_video - INFO - Created continuous clip for word 1 in group 15: 16.58s - 16.84s
2025-07-18 15:40:23,438 - autotube.audio_video - INFO - Created continuous clip for word 2 in group 15: 16.80s - 16.98s
2025-07-18 15:40:24,304 - autotube.audio_video - INFO - Created continuous clip for word 3 in group 15: 16.94s - 17.30s
2025-07-18 15:40:25,057 - autotube.audio_video - INFO - Created continuous clip for word 4 in group 15: 17.26s - 18.10s
2025-07-18 15:40:25,058 - autotube.audio_video - INFO - Creating clips for group 16: 4 words
2025-07-18 15:40:26,203 - autotube.audio_video - INFO - Created continuous clip for word 1 in group 16: 18.18s - 18.50s
2025-07-18 15:40:27,433 - autotube.audio_video - INFO - Created continuous clip for word 2 in group 16: 18.46s - 18.80s
2025-07-18 15:40:28,752 - autotube.audio_video - INFO - Created continuous clip for word 3 in group 16: 18.76s - 19.10s
2025-07-18 15:40:29,881 - autotube.audio_video - INFO - Created continuous clip for word 4 in group 16: 19.06s - 19.23s
2025-07-18 15:40:29,881 - autotube.audio_video - INFO - Creating clips for group 17: 4 words
2025-07-18 15:40:30,393 - autotube.audio_video - INFO - Created continuous clip for word 1 in group 17: 19.28s - 19.56s
2025-07-18 15:40:30,891 - autotube.audio_video - INFO - Created continuous clip for word 2 in group 17: 19.52s - 19.82s
2025-07-18 15:40:31,418 - autotube.audio_video - INFO - Created continuous clip for word 3 in group 17: 19.78s - 19.96s
2025-07-18 15:40:31,992 - autotube.audio_video - INFO - Created continuous clip for word 4 in group 17: 19.92s - 20.09s
2025-07-18 15:40:31,992 - autotube.audio_video - INFO - Creating clips for group 18: 3 words
2025-07-18 15:40:32,809 - autotube.audio_video - INFO - Created continuous clip for word 1 in group 18: 20.14s - 20.38s
2025-07-18 15:40:33,552 - autotube.audio_video - INFO - Created continuous clip for word 2 in group 18: 20.34s - 20.72s
2025-07-18 15:40:34,281 - autotube.audio_video - INFO - Created continuous clip for word 3 in group 18: 20.68s - 21.44s
2025-07-18 15:40:34,281 - autotube.audio_video - INFO - Creating clips for group 19: 3 words
2025-07-18 15:40:35,278 - autotube.audio_video - INFO - Created continuous clip for word 1 in group 19: 21.94s - 22.20s
2025-07-18 15:40:36,313 - autotube.audio_video - INFO - Created continuous clip for word 2 in group 19: 22.16s - 22.82s
2025-07-18 15:40:37,429 - autotube.audio_video - INFO - Created continuous clip for word 3 in group 19: 22.78s - 23.11s
2025-07-18 15:40:37,430 - autotube.audio_video - INFO - Creating clips for group 20: 4 words
2025-07-18 15:40:38,273 - autotube.audio_video - INFO - Created continuous clip for word 1 in group 20: 23.16s - 23.42s
2025-07-18 15:40:39,474 - autotube.audio_video - INFO - Created continuous clip for word 2 in group 20: 23.38s - 23.54s
2025-07-18 15:40:41,026 - autotube.audio_video - INFO - Created continuous clip for word 3 in group 20: 23.50s - 24.42s
2025-07-18 15:40:41,994 - autotube.audio_video - INFO - Created continuous clip for word 4 in group 20: 24.38s - 24.75s
2025-07-18 15:40:41,994 - autotube.audio_video - INFO - Creating clips for group 21: 3 words
2025-07-18 15:40:42,834 - autotube.audio_video - INFO - Created continuous clip for word 1 in group 21: 24.80s - 25.36s
2025-07-18 15:40:43,658 - autotube.audio_video - INFO - Created continuous clip for word 2 in group 21: 25.32s - 25.66s
2025-07-18 15:40:44,397 - autotube.audio_video - INFO - Created continuous clip for word 3 in group 21: 25.62s - 25.89s
2025-07-18 15:40:44,398 - autotube.audio_video - INFO - Created clips for 21/46 word groups - ETA: 59s
2025-07-18 15:40:44,398 - autotube.audio_video - INFO - Creating clips for group 22: 3 words
2025-07-18 15:40:45,370 - autotube.audio_video - INFO - Created continuous clip for word 1 in group 22: 25.94s - 26.76s
2025-07-18 15:40:46,288 - autotube.audio_video - INFO - Created continuous clip for word 2 in group 22: 26.72s - 27.04s
2025-07-18 15:40:47,190 - autotube.audio_video - INFO - Created continuous clip for word 3 in group 22: 27.00s - 27.31s
2025-07-18 15:40:47,191 - autotube.audio_video - INFO - Creating clips for group 23: 3 words
2025-07-18 15:40:47,758 - autotube.audio_video - INFO - Created continuous clip for word 1 in group 23: 27.36s - 27.74s
2025-07-18 15:40:48,327 - autotube.audio_video - INFO - Created continuous clip for word 2 in group 23: 27.70s - 27.98s
2025-07-18 15:40:48,851 - autotube.audio_video - INFO - Created continuous clip for word 3 in group 23: 27.94s - 28.15s
2025-07-18 15:40:48,851 - autotube.audio_video - INFO - Creating clips for group 24: 3 words
2025-07-18 15:40:49,547 - autotube.audio_video - INFO - Created continuous clip for word 1 in group 24: 28.20s - 28.44s
2025-07-18 15:40:50,239 - autotube.audio_video - INFO - Created continuous clip for word 2 in group 24: 28.40s - 28.66s
2025-07-18 15:40:51,008 - autotube.audio_video - INFO - Created continuous clip for word 3 in group 24: 28.62s - 29.25s
2025-07-18 15:40:51,008 - autotube.audio_video - INFO - Creating clips for group 25: 3 words
2025-07-18 15:40:51,489 - autotube.audio_video - INFO - Created continuous clip for word 1 in group 25: 29.30s - 29.48s
2025-07-18 15:40:51,972 - autotube.audio_video - INFO - Created continuous clip for word 2 in group 25: 29.44s - 29.74s
2025-07-18 15:40:52,412 - autotube.audio_video - INFO - Created continuous clip for word 3 in group 25: 29.70s - 29.79s
2025-07-18 15:40:52,413 - autotube.audio_video - INFO - Creating clips for group 26: 4 words
2025-07-18 15:40:53,419 - autotube.audio_video - INFO - Created continuous clip for word 1 in group 26: 29.84s - 30.30s
2025-07-18 15:40:54,344 - autotube.audio_video - INFO - Created continuous clip for word 2 in group 26: 30.26s - 30.64s
2025-07-18 15:40:55,365 - autotube.audio_video - INFO - Created continuous clip for word 3 in group 26: 30.60s - 30.74s
2025-07-18 15:40:56,424 - autotube.audio_video - INFO - Created continuous clip for word 4 in group 26: 30.70s - 31.03s
2025-07-18 15:40:56,424 - autotube.audio_video - INFO - Creating clips for group 27: 4 words
2025-07-18 15:40:57,407 - autotube.audio_video - INFO - Created continuous clip for word 1 in group 27: 31.08s - 32.90s
2025-07-18 15:40:58,378 - autotube.audio_video - INFO - Created continuous clip for word 2 in group 27: 32.86s - 33.08s
2025-07-18 15:40:59,313 - autotube.audio_video - INFO - Created continuous clip for word 3 in group 27: 33.04s - 33.60s
2025-07-18 15:41:00,266 - autotube.audio_video - INFO - Created continuous clip for word 4 in group 27: 33.56s - 33.67s
2025-07-18 15:41:00,267 - autotube.audio_video - INFO - Creating clips for group 28: 4 words
2025-07-18 15:41:01,334 - autotube.audio_video - INFO - Created continuous clip for word 1 in group 28: 33.72s - 34.02s
2025-07-18 15:41:02,496 - autotube.audio_video - INFO - Created continuous clip for word 2 in group 28: 33.98s - 34.20s
2025-07-18 15:41:03,693 - autotube.audio_video - INFO - Created continuous clip for word 3 in group 28: 34.16s - 34.50s
2025-07-18 15:41:04,796 - autotube.audio_video - INFO - Created continuous clip for word 4 in group 28: 34.46s - 34.69s
2025-07-18 15:41:04,796 - autotube.audio_video - INFO - Creating clips for group 29: 3 words
2025-07-18 15:41:05,476 - autotube.audio_video - INFO - Created continuous clip for word 1 in group 29: 34.74s - 35.14s
2025-07-18 15:41:06,162 - autotube.audio_video - INFO - Created continuous clip for word 2 in group 29: 35.10s - 35.32s
2025-07-18 15:41:06,879 - autotube.audio_video - INFO - Created continuous clip for word 3 in group 29: 35.28s - 35.96s
2025-07-18 15:41:06,879 - autotube.audio_video - INFO - Creating clips for group 30: 3 words
2025-07-18 15:41:07,993 - autotube.audio_video - INFO - Created continuous clip for word 1 in group 30: 36.02s - 36.34s
2025-07-18 15:41:09,080 - autotube.audio_video - INFO - Created continuous clip for word 2 in group 30: 36.30s - 36.86s
2025-07-18 15:41:10,122 - autotube.audio_video - INFO - Created continuous clip for word 3 in group 30: 36.82s - 37.74s
2025-07-18 15:41:10,122 - autotube.audio_video - INFO - Creating clips for group 31: 4 words
2025-07-18 15:41:11,002 - autotube.audio_video - INFO - Created continuous clip for word 1 in group 31: 38.16s - 38.28s
2025-07-18 15:41:11,833 - autotube.audio_video - INFO - Created continuous clip for word 2 in group 31: 38.24s - 38.58s
2025-07-18 15:41:12,661 - autotube.audio_video - INFO - Created continuous clip for word 3 in group 31: 38.54s - 38.80s
2025-07-18 15:41:13,505 - autotube.audio_video - INFO - Created continuous clip for word 4 in group 31: 38.76s - 38.97s
2025-07-18 15:41:13,505 - autotube.audio_video - INFO - Created clips for 31/46 word groups - ETA: 88s
2025-07-18 15:41:13,505 - autotube.audio_video - INFO - Creating clips for group 32: 4 words
2025-07-18 15:41:14,346 - autotube.audio_video - INFO - Created continuous clip for word 1 in group 32: 39.02s - 39.22s
2025-07-18 15:41:15,162 - autotube.audio_video - INFO - Created continuous clip for word 2 in group 32: 39.18s - 40.00s
2025-07-18 15:41:15,993 - autotube.audio_video - INFO - Created continuous clip for word 3 in group 32: 39.96s - 40.18s
2025-07-18 15:41:16,879 - autotube.audio_video - INFO - Created continuous clip for word 4 in group 32: 40.14s - 40.41s
2025-07-18 15:41:16,880 - autotube.audio_video - INFO - Creating clips for group 33: 4 words
2025-07-18 15:41:17,626 - autotube.audio_video - INFO - Created continuous clip for word 1 in group 33: 40.46s - 40.78s
2025-07-18 15:41:18,390 - autotube.audio_video - INFO - Created continuous clip for word 2 in group 33: 40.74s - 41.10s
2025-07-18 15:41:19,113 - autotube.audio_video - INFO - Created continuous clip for word 3 in group 33: 41.06s - 41.30s
2025-07-18 15:41:19,817 - autotube.audio_video - INFO - Created continuous clip for word 4 in group 33: 41.26s - 41.41s
2025-07-18 15:41:19,818 - autotube.audio_video - INFO - Creating clips for group 34: 3 words
2025-07-18 15:41:20,462 - autotube.audio_video - INFO - Created continuous clip for word 1 in group 34: 41.46s - 41.74s
2025-07-18 15:41:21,035 - autotube.audio_video - INFO - Created continuous clip for word 2 in group 34: 41.70s - 42.04s
2025-07-18 15:41:21,624 - autotube.audio_video - INFO - Created continuous clip for word 3 in group 34: 42.00s - 42.07s
2025-07-18 15:41:21,624 - autotube.audio_video - INFO - Creating clips for group 35: 3 words
2025-07-18 15:41:22,627 - autotube.audio_video - INFO - Created continuous clip for word 1 in group 35: 42.12s - 42.60s
2025-07-18 15:41:23,641 - autotube.audio_video - INFO - Created continuous clip for word 2 in group 35: 42.56s - 43.52s
2025-07-18 15:41:24,634 - autotube.audio_video - INFO - Created continuous clip for word 3 in group 35: 43.48s - 43.95s
2025-07-18 15:41:24,634 - autotube.audio_video - INFO - Creating clips for group 36: 3 words
2025-07-18 15:41:25,329 - autotube.audio_video - INFO - Created continuous clip for word 1 in group 36: 44.00s - 44.12s
2025-07-18 15:41:26,055 - autotube.audio_video - INFO - Created continuous clip for word 2 in group 36: 44.08s - 44.30s
2025-07-18 15:41:26,743 - autotube.audio_video - INFO - Created continuous clip for word 3 in group 36: 44.26s - 44.67s
2025-07-18 15:41:26,744 - autotube.audio_video - INFO - Creating clips for group 37: 4 words
2025-07-18 15:41:27,605 - autotube.audio_video - INFO - Created continuous clip for word 1 in group 37: 44.72s - 45.60s
2025-07-18 15:41:28,418 - autotube.audio_video - INFO - Created continuous clip for word 2 in group 37: 45.56s - 45.76s
2025-07-18 15:41:29,308 - autotube.audio_video - INFO - Created continuous clip for word 3 in group 37: 45.72s - 46.04s
2025-07-18 15:41:30,265 - autotube.audio_video - INFO - Created continuous clip for word 4 in group 37: 46.00s - 46.23s
2025-07-18 15:41:30,265 - autotube.audio_video - INFO - Creating clips for group 38: 3 words
2025-07-18 15:41:30,989 - autotube.audio_video - INFO - Created continuous clip for word 1 in group 38: 46.28s - 46.54s
2025-07-18 15:41:31,644 - autotube.audio_video - INFO - Created continuous clip for word 2 in group 38: 46.50s - 46.86s
2025-07-18 15:41:32,378 - autotube.audio_video - INFO - Created continuous clip for word 3 in group 38: 46.82s - 47.05s
2025-07-18 15:41:32,378 - autotube.audio_video - INFO - Creating clips for group 39: 3 words
2025-07-18 15:41:33,139 - autotube.audio_video - INFO - Created continuous clip for word 1 in group 39: 47.10s - 47.50s
2025-07-18 15:41:33,928 - autotube.audio_video - INFO - Created continuous clip for word 2 in group 39: 47.46s - 47.68s
2025-07-18 15:41:34,646 - autotube.audio_video - INFO - Created continuous clip for word 3 in group 39: 47.64s - 47.93s
2025-07-18 15:41:34,646 - autotube.audio_video - INFO - Creating clips for group 40: 3 words
2025-07-18 15:41:35,379 - autotube.audio_video - INFO - Created continuous clip for word 1 in group 40: 47.98s - 48.26s
2025-07-18 15:41:36,098 - autotube.audio_video - INFO - Created continuous clip for word 2 in group 40: 48.22s - 50.02s
2025-07-18 15:41:36,865 - autotube.audio_video - INFO - Created continuous clip for word 3 in group 40: 49.98s - 50.63s
2025-07-18 15:41:36,866 - autotube.audio_video - INFO - Creating clips for group 41: 4 words
2025-07-18 15:41:37,760 - autotube.audio_video - INFO - Created continuous clip for word 1 in group 41: 50.68s - 50.88s
2025-07-18 15:41:38,586 - autotube.audio_video - INFO - Created continuous clip for word 2 in group 41: 50.84s - 51.20s
2025-07-18 15:41:39,726 - autotube.audio_video - INFO - Created continuous clip for word 3 in group 41: 51.16s - 51.40s
2025-07-18 15:41:40,926 - autotube.audio_video - INFO - Created continuous clip for word 4 in group 41: 51.36s - 51.61s
2025-07-18 15:41:40,927 - autotube.audio_video - INFO - Created clips for 41/46 word groups - ETA: 115s
2025-07-18 15:41:40,927 - autotube.audio_video - INFO - Creating clips for group 42: 3 words
2025-07-18 15:41:41,618 - autotube.audio_video - INFO - Created continuous clip for word 1 in group 42: 51.66s - 51.90s
2025-07-18 15:41:42,272 - autotube.audio_video - INFO - Created continuous clip for word 2 in group 42: 51.86s - 52.08s
2025-07-18 15:41:42,846 - autotube.audio_video - INFO - Created continuous clip for word 3 in group 42: 52.04s - 52.25s
2025-07-18 15:41:42,847 - autotube.audio_video - INFO - Creating clips for group 43: 4 words
2025-07-18 15:41:43,611 - autotube.audio_video - INFO - Created continuous clip for word 1 in group 43: 52.30s - 52.56s
2025-07-18 15:41:44,427 - autotube.audio_video - INFO - Created continuous clip for word 2 in group 43: 52.52s - 53.96s
2025-07-18 15:41:45,168 - autotube.audio_video - INFO - Created continuous clip for word 3 in group 43: 53.92s - 54.44s
2025-07-18 15:41:45,868 - autotube.audio_video - INFO - Created continuous clip for word 4 in group 43: 54.40s - 54.57s
2025-07-18 15:41:45,868 - autotube.audio_video - INFO - Creating clips for group 44: 4 words
2025-07-18 15:41:46,564 - autotube.audio_video - INFO - Created continuous clip for word 1 in group 44: 54.62s - 54.80s
2025-07-18 15:41:47,365 - autotube.audio_video - INFO - Created continuous clip for word 2 in group 44: 54.76s - 54.92s
2025-07-18 15:41:47,992 - autotube.audio_video - INFO - Created continuous clip for word 3 in group 44: 54.88s - 55.24s
2025-07-18 15:41:48,642 - autotube.audio_video - INFO - Created continuous clip for word 4 in group 44: 55.20s - 55.29s
2025-07-18 15:41:48,642 - autotube.audio_video - INFO - Creating clips for group 45: 3 words
2025-07-18 15:41:49,472 - autotube.audio_video - INFO - Created continuous clip for word 1 in group 45: 55.34s - 55.70s
2025-07-18 15:41:50,301 - autotube.audio_video - INFO - Created continuous clip for word 2 in group 45: 55.66s - 56.04s
2025-07-18 15:41:51,236 - autotube.audio_video - INFO - Created continuous clip for word 3 in group 45: 56.00s - 56.13s
2025-07-18 15:41:51,237 - autotube.audio_video - INFO - Creating clips for group 46: 3 words
2025-07-18 15:41:52,117 - autotube.audio_video - INFO - Created continuous clip for word 1 in group 46: 56.18s - 56.44s
2025-07-18 15:41:52,959 - autotube.audio_video - INFO - Created continuous clip for word 2 in group 46: 56.40s - 56.62s
2025-07-18 15:41:53,828 - autotube.audio_video - INFO - Created continuous clip for word 3 in group 46: 56.58s - 57.22s
2025-07-18 15:41:53,829 - autotube.audio_video - INFO - Created 157 individual subtitle clips
2025-07-18 15:41:53,830 - autotube.audio_video - INFO - Viral subtitle creation took 128.18s
2025-07-18 15:41:53,830 - autotube.audio_video - INFO - Subtitle clips count: 157
2025-07-18 15:41:53,846 - autotube.audio_video - INFO - Video composition took 0.02s
2025-07-18 15:41:53,846 - autotube.audio_video - INFO - Final video - Duration: 57.87s, Audio: True
2025-07-18 15:41:53,847 - autotube.audio_video - INFO - Writing scientifically optimized viral subtitle video: C:\autotube\ThroughTheLensofHistory\output\subtitles_processed_video\TheShockingTruthBehindBrideKidnapping_final.mp4
2025-07-18 15:43:11,026 - py.warnings - WARNING - C:\autotube\venv\Lib\site-packages\moviepy\video\io\ffmpeg_reader.py:123: UserWarning: Warning: in file C:\autotube\ThroughTheLensofHistory\output\videos\TheShockingTruthBehindBrideKidnapping_kenburns.mp4, 3096576 bytes wanted but 0 bytes read,at frame 1736/1737, at time 57.87/57.87 sec. Using the last valid frame instead.
  warnings.warn("Warning: in file %s, "%(self.filename)+

2025-07-18 15:43:11,375 - autotube.audio_video - INFO - Video writing took 77.53s
2025-07-18 15:43:11,375 - autotube.audio_video - INFO - Validating output file...
2025-07-18 15:43:11,744 - autotube.audio_video - INFO - Output file - Duration: 57.90s, Audio: True, Playable: True
2025-07-18 15:43:11,777 - autotube.audio_video - INFO - Scientifically optimized viral subtitle video created: C:\autotube\ThroughTheLensofHistory\output\subtitles_processed_video\TheShockingTruthBehindBrideKidnapping_final.mp4
2025-07-18 15:43:11,778 - autotube.audio_video - INFO - Total processing time: 234.59s
2025-07-18 15:43:11,779 - autotube.audio_video - INFO - ✅ Final video with subtitles created: C:\autotube\ThroughTheLensofHistory\output\subtitles_processed_video\TheShockingTruthBehindBrideKidnapping_final.mp4
2025-07-18 15:43:11,780 - autotube.audio_video - INFO - 📊 Final video size: 8,425,208 bytes (8.0 MB)
2025-07-18 15:43:11,780 - autotube.audio_video - INFO - 🎉 Audio/Video processing completed successfully!
2025-07-18 15:43:11,780 - autotube.audio_video - INFO - 📁 Ken Burns video: C:\autotube\ThroughTheLensofHistory\output\videos\TheShockingTruthBehindBrideKidnapping_kenburns.mp4
2025-07-18 15:43:11,780 - autotube.audio_video - INFO - 📁 Final video with subtitles: C:\autotube\ThroughTheLensofHistory\output\subtitles_processed_video\TheShockingTruthBehindBrideKidnapping_final.mp4
